npm error code ERESOLVE
npm error ERESOLVE unable to resolve dependency tree
npm error
npm error While resolving: boilerplate-apps-router@0.1.0
npm error Found: next@13.4.19
npm error node_modules/next
npm error   next@"13.4.19" from the root project
npm error
npm error Could not resolve dependency:
npm error peer next@"^13.5.0 || ^14.0.0" from @storybook/nextjs@8.2.7
npm error node_modules/@storybook/nextjs
npm error   dev @storybook/nextjs@"*" from the root project
npm error
npm error Fix the upstream dependency conflict, or retry
npm error this command with --force or --legacy-peer-deps
npm error to accept an incorrect (and potentially broken) dependency resolution.
npm error
npm error
npm error For a full report see:
npm error C:\Users\jeano\AppData\Local\npm-cache\_logs\2024-08-06T22_41_32_961Z-eresolve-report.txt

npm error A complete log of this run can be found in: C:\Users\jeano\AppData\Local\npm-cache\_logs\2024-08-06T22_41_32_961Z-debug-0.log
